#-----------------------------------------------------------
# Webtalk v2015.1 (64-bit)
# SW Build 1215546 on Mon Apr 27 19:37:43 MDT 2015
# 
# Start of session at: Sun Apr 17 20:01:56 2016
# Process ID: 2180
# Log file: D:/Work/Code/Repos/MicroZed_Vivado_Template_Project/MicroZed_Template/Generic_ARM.sdk/webtalk/webtalk.log
# Journal file: D:/Work/Code/Repos/MicroZed_Vivado_Template_Project/MicroZed_Template/Generic_ARM.sdk/webtalk\webtalk.jou
#-----------------------------------------------------------
source sdk_webtalk.tcl
# webtalk_init -webtalk_dir D:\\Work\\Code\\Repos\\MicroZed_Vivado_Template_Project\\MicroZed_Template\\Generic_ARM.sdk\\webtalk
# webtalk_register_client -client project
# webtalk_add_data -client project -key date_generated -value "Sun Apr 17 20:01:56 2016" -context "software_version_and_target_device"
# webtalk_add_data -client project -key product_version -value "SDK v2015.1" -context "software_version_and_target_device"
# webtalk_add_data -client project -key build_version -value "2015.1" -context "software_version_and_target_device"
# webtalk_add_data -client project -key os_platform -value "amd64" -context "software_version_and_target_device"
# webtalk_add_data -client project -key registration_id -value "174232152_1777502193_210586803_521" -context "software_version_and_target_device"
# webtalk_add_data -client project -key tool_flow -value "SDK" -context "software_version_and_target_device"
# webtalk_add_data -client project -key beta -value "false" -context "software_version_and_target_device"
# webtalk_add_data -client project -key route_design -value "NA" -context "software_version_and_target_device"
# webtalk_add_data -client project -key target_family -value "NA" -context "software_version_and_target_device"
# webtalk_add_data -client project -key target_device -value "NA" -context "software_version_and_target_device"
# webtalk_add_data -client project -key target_package -value "NA" -context "software_version_and_target_device"
# webtalk_add_data -client project -key target_speed -value "NA" -context "software_version_and_target_device"
# webtalk_add_data -client project -key random_id -value "rrq3rao29fq5ulu2hhcj2olm0p" -context "software_version_and_target_device"
# webtalk_add_data -client project -key project_id -value "2015.1_4" -context "software_version_and_target_device"
# webtalk_add_data -client project -key project_iteration -value "4" -context "software_version_and_target_device"
# webtalk_add_data -client project -key os_name -value "Microsoft Windows 7 , 64-bit" -context "user_environment"
# webtalk_add_data -client project -key os_release -value "Service Pack 1  (build 7601)" -context "user_environment"
# webtalk_add_data -client project -key cpu_name -value "Intel(R) Core(TM) i7-3770K CPU @ 3.50GHz" -context "user_environment"
# webtalk_add_data -client project -key cpu_speed -value "3500 MHz" -context "user_environment"
# webtalk_add_data -client project -key total_processors -value "1" -context "user_environment"
# webtalk_add_data -client project -key system_ram -value "17.000 GB" -context "user_environment"
# webtalk_register_client -client sdk
# webtalk_add_data -client sdk -key uid -value "1460940852593" -context "sdk\\\\hardware/1460940852593"
# webtalk_add_data -client sdk -key isZynq -value "true" -context "sdk\\\\hardware/1460940852593"
# webtalk_add_data -client sdk -key Processors -value "2" -context "sdk\\\\hardware/1460940852593"
# webtalk_add_data -client sdk -key VivadoVersion -value "2015.1" -context "sdk\\\\hardware/1460940852593"
# webtalk_add_data -client sdk -key Arch -value "zynq" -context "sdk\\\\hardware/1460940852593"
# webtalk_add_data -client sdk -key Device -value "7z010" -context "sdk\\\\hardware/1460940852593"
# webtalk_add_data -client sdk -key IsHandoff -value "true" -context "sdk\\\\hardware/1460940852593"
# webtalk_add_data -client sdk -key uid -value "1460940935920" -context "sdk\\\\bsp/1460940935920"
# webtalk_add_data -client sdk -key hwid -value "1460940852593" -context "sdk\\\\bsp/1460940935920"
# webtalk_add_data -client sdk -key os -value "standalone" -context "sdk\\\\bsp/1460940935920"
# webtalk_add_data -client sdk -key apptemplate -value "null" -context "sdk\\\\bsp/1460940935920"
# webtalk_add_data -client sdk -key uid -value "1460940997856" -context "sdk\\\\application/1460940997856"
# webtalk_add_data -client sdk -key hwid -value "1460940852593" -context "sdk\\\\application/1460940997856"
# webtalk_add_data -client sdk -key bspid -value "1460940935920" -context "sdk\\\\application/1460940997856"
# webtalk_add_data -client sdk -key newbsp -value "false" -context "sdk\\\\application/1460940997856"
# webtalk_add_data -client sdk -key os -value "standalone" -context "sdk\\\\application/1460940997856"
# webtalk_add_data -client sdk -key apptemplate -value "hello_world" -context "sdk\\\\application/1460940997856"
# webtalk_transmit -clientid 115475796 -regid "174232152_1777502193_210586803_521" -xml D:\\Work\\Code\\Repos\\MicroZed_Vivado_Template_Project\\MicroZed_Template\\Generic_ARM.sdk\\webtalk\\usage_statistics_ext_sdk.xml -html D:\\Work\\Code\\Repos\\MicroZed_Vivado_Template_Project\\MicroZed_Template\\Generic_ARM.sdk\\webtalk\\usage_statistics_ext_sdk.html -wdm D:\\Work\\Code\\Repos\\MicroZed_Vivado_Template_Project\\MicroZed_Template\\Generic_ARM.sdk\\webtalk\\sdk_webtalk.wdm -intro "<H3>SDK Usage Report</H3><BR>"
INFO: [Common 17-186] 'D:\Work\Code\Repos\MicroZed_Vivado_Template_Project\MicroZed_Template\Generic_ARM.sdk\webtalk\usage_statistics_ext_sdk.xml' has been successfully sent to Xilinx on Sun Apr 17 20:02:01 2016. For additional details about this file, please refer to the WebTalk help file at D:/Tools/Xilinx/SDK/2015.1/doc/webtalk_introduction.html.
# webtalk_terminate
INFO: [Common 17-206] Exiting Webtalk at Sun Apr 17 20:02:01 2016...
